apollolake-4.4.180 directory
[W] ./apollolake-4.4.180/aqc111.ko depends usbcore does not exist
[W] ./apollolake-4.4.180/ax88179_178a.ko depends usbcore does not exist
[W] ./apollolake-4.4.180/b44.ko depends ssb does not exist
[W] ./apollolake-4.4.180/bnxt_en.ko depends vxlan does not exist
[W] ./apollolake-4.4.180/cdc_ncm.ko depends usbcore does not exist
[W] ./apollolake-4.4.180/dvb-usb-dib0700.ko depends dib7000m does not exist
[W] ./apollolake-4.4.180/dvb-usb-dib0700.ko depends dib9000 does not exist
[W] ./apollolake-4.4.180/dvb-usb-dib0700.ko depends dibx000_common does not exist
[W] ./apollolake-4.4.180/dvb-usb-dib0700.ko depends dib0090 does not exist
[W] ./apollolake-4.4.180/dvb-usb-dib0700.ko depends dib0070 does not exist
[W] ./apollolake-4.4.180/dvb-usb-dib0700.ko depends dib3000mc does not exist
[W] ./apollolake-4.4.180/dvb-usb-dib0700.ko depends usbcore does not exist
[W] ./apollolake-4.4.180/dvb-usb-dvbsky.ko depends usbcore does not exist
[W] ./apollolake-4.4.180/dvb-usb.ko depends usbcore does not exist
[W] ./apollolake-4.4.180/dvb_usb_v2.ko depends usbcore does not exist
[W] ./apollolake-4.4.180/ehci-hcd.ko depends usbcore does not exist
[W] ./apollolake-4.4.180/ehci-pci.ko depends usbcore does not exist
[W] ./apollolake-4.4.180/etxhci-hcd.ko depends usbcore does not exist
[W] ./apollolake-4.4.180/hid-generic.ko depends hid does not exist
[W] ./apollolake-4.4.180/i40e.ko depends vxlan does not exist
[W] ./apollolake-4.4.180/ice.ko depends vxlan does not exist
[W] ./apollolake-4.4.180/ixgbe.ko depends vxlan does not exist
[W] ./apollolake-4.4.180/m88ds3103.ko depends regmap-i2c does not exist
[W] ./apollolake-4.4.180/r8152.ko depends usbcore does not exist
[W] ./apollolake-4.4.180/r8153_ecm.ko depends cdc_ether does not exist
[W] ./apollolake-4.4.180/r8153_ecm.ko depends usbcore does not exist
[W] ./apollolake-4.4.180/ts2020.ko depends regmap-i2c does not exist
[W] ./apollolake-4.4.180/uhci-hcd.ko depends usbcore does not exist
[W] ./apollolake-4.4.180/usbnet.ko depends usbcore does not exist
[W] ./apollolake-4.4.180/ushc.ko depends usbcore does not exist
[W] ./apollolake-4.4.180/vub300.ko depends usbcore does not exist
[W] ./apollolake-4.4.180/xhci-hcd.ko depends usbcore does not exist
[W] ./apollolake-4.4.180/xhci-pci.ko depends usbcore does not exist
apollolake-4.4.302 directory
[W] ./apollolake-4.4.302/acpi-cpufreq.ko depends processor does not exist
[W] ./apollolake-4.4.302/atlantic.ko depends crc-itu-t does not exist
[W] ./apollolake-4.4.302/b44.ko depends ssb does not exist
[W] ./apollolake-4.4.302/dvb-usb-dib0700.ko depends dib7000m does not exist
[W] ./apollolake-4.4.302/dvb-usb-dib0700.ko depends dib9000 does not exist
[W] ./apollolake-4.4.302/dvb-usb-dib0700.ko depends dibx000_common does not exist
[W] ./apollolake-4.4.302/dvb-usb-dib0700.ko depends dib0090 does not exist
[W] ./apollolake-4.4.302/dvb-usb-dib0700.ko depends dib0070 does not exist
[W] ./apollolake-4.4.302/dvb-usb-dib0700.ko depends dib3000mc does not exist
[W] ./apollolake-4.4.302/m88ds3103.ko depends regmap-i2c does not exist
[W] ./apollolake-4.4.302/r8153_ecm.ko depends cdc_ether does not exist
[W] ./apollolake-4.4.302/ts2020.ko depends regmap-i2c does not exist
[W] ./apollolake-4.4.302/usbcore.ko depends usb-common does not exist
[W] ./apollolake-4.4.302/vxlan.ko depends udp_tunnel does not exist
[W] ./apollolake-4.4.302/vxlan.ko depends ip6_udp_tunnel does not exist
broadwell-4.4.180 directory
[W] ./broadwell-4.4.180/aqc111.ko depends usbcore does not exist
[W] ./broadwell-4.4.180/ax88179_178a.ko depends usbcore does not exist
[W] ./broadwell-4.4.180/b44.ko depends ssb does not exist
[W] ./broadwell-4.4.180/bnx2x.ko depends vxlan does not exist
[W] ./broadwell-4.4.180/bnxt_en.ko depends vxlan does not exist
[W] ./broadwell-4.4.180/cdc_ncm.ko depends usbcore does not exist
[W] ./broadwell-4.4.180/dvb-usb-dib0700.ko depends dib7000m does not exist
[W] ./broadwell-4.4.180/dvb-usb-dib0700.ko depends dib9000 does not exist
[W] ./broadwell-4.4.180/dvb-usb-dib0700.ko depends dibx000_common does not exist
[W] ./broadwell-4.4.180/dvb-usb-dib0700.ko depends dib0090 does not exist
[W] ./broadwell-4.4.180/dvb-usb-dib0700.ko depends dib0070 does not exist
[W] ./broadwell-4.4.180/dvb-usb-dib0700.ko depends dib3000mc does not exist
[W] ./broadwell-4.4.180/dvb-usb-dib0700.ko depends usbcore does not exist
[W] ./broadwell-4.4.180/dvb-usb-dvbsky.ko depends usbcore does not exist
[W] ./broadwell-4.4.180/dvb-usb.ko depends usbcore does not exist
[W] ./broadwell-4.4.180/dvb_usb_v2.ko depends usbcore does not exist
[W] ./broadwell-4.4.180/etxhci-hcd.ko depends usbcore does not exist
[W] ./broadwell-4.4.180/hid-generic.ko depends hid does not exist
[W] ./broadwell-4.4.180/i40e.ko depends vxlan does not exist
[W] ./broadwell-4.4.180/ice.ko depends vxlan does not exist
[W] ./broadwell-4.4.180/igb.ko depends dca does not exist
[W] ./broadwell-4.4.180/ixgbe.ko depends dca does not exist
[W] ./broadwell-4.4.180/ixgbe.ko depends vxlan does not exist
[W] ./broadwell-4.4.180/m88ds3103.ko depends regmap-i2c does not exist
[W] ./broadwell-4.4.180/mlx4_ib.ko depends ib_core does not exist
[W] ./broadwell-4.4.180/mlx5_ib.ko depends ib_core does not exist
[W] ./broadwell-4.4.180/qla2xxx.ko depends scsi_transport_fc does not exist
[W] ./broadwell-4.4.180/r8152.ko depends usbcore does not exist
[W] ./broadwell-4.4.180/r8153_ecm.ko depends cdc_ether does not exist
[W] ./broadwell-4.4.180/r8153_ecm.ko depends usbcore does not exist
[W] ./broadwell-4.4.180/ts2020.ko depends regmap-i2c does not exist
[W] ./broadwell-4.4.180/uhci-hcd.ko depends usbcore does not exist
[W] ./broadwell-4.4.180/usbnet.ko depends usbcore does not exist
[W] ./broadwell-4.4.180/ushc.ko depends usbcore does not exist
[W] ./broadwell-4.4.180/vub300.ko depends usbcore does not exist
[W] ./broadwell-4.4.180/xhci-hcd.ko depends usbcore does not exist
[W] ./broadwell-4.4.180/xhci-pci.ko depends usbcore does not exist
broadwell-4.4.302 directory
[W] ./broadwell-4.4.302/acpi-cpufreq.ko depends processor does not exist
[W] ./broadwell-4.4.302/atlantic.ko depends crc-itu-t does not exist
[W] ./broadwell-4.4.302/b44.ko depends ssb does not exist
[W] ./broadwell-4.4.302/dvb-usb-dib0700.ko depends dib7000m does not exist
[W] ./broadwell-4.4.302/dvb-usb-dib0700.ko depends dib9000 does not exist
[W] ./broadwell-4.4.302/dvb-usb-dib0700.ko depends dibx000_common does not exist
[W] ./broadwell-4.4.302/dvb-usb-dib0700.ko depends dib0090 does not exist
[W] ./broadwell-4.4.302/dvb-usb-dib0700.ko depends dib0070 does not exist
[W] ./broadwell-4.4.302/dvb-usb-dib0700.ko depends dib3000mc does not exist
[W] ./broadwell-4.4.302/igb.ko depends dca does not exist
[W] ./broadwell-4.4.302/ixgbe.ko depends dca does not exist
[W] ./broadwell-4.4.302/m88ds3103.ko depends regmap-i2c does not exist
[W] ./broadwell-4.4.302/mlx4_core.ko depends mlx_compat does not exist
[W] ./broadwell-4.4.302/mlx4_en.ko depends mlx_compat does not exist
[W] ./broadwell-4.4.302/mlx5_core.ko depends mlx_compat does not exist
[W] ./broadwell-4.4.302/r8153_ecm.ko depends cdc_ether does not exist
[W] ./broadwell-4.4.302/ts2020.ko depends regmap-i2c does not exist
[W] ./broadwell-4.4.302/usbcore.ko depends usb-common does not exist
[W] ./broadwell-4.4.302/vxlan.ko depends udp_tunnel does not exist
[W] ./broadwell-4.4.302/vxlan.ko depends ip6_udp_tunnel does not exist
broadwellnk-4.4.180 directory
[W] ./broadwellnk-4.4.180/aqc111.ko depends usbcore does not exist
[W] ./broadwellnk-4.4.180/ax88179_178a.ko depends usbcore does not exist
[W] ./broadwellnk-4.4.180/b44.ko depends ssb does not exist
[W] ./broadwellnk-4.4.180/bnx2x.ko depends vxlan does not exist
[W] ./broadwellnk-4.4.180/bnxt_en.ko depends vxlan does not exist
[W] ./broadwellnk-4.4.180/cdc_ncm.ko depends usbcore does not exist
[W] ./broadwellnk-4.4.180/dvb-usb-dib0700.ko depends dib7000m does not exist
[W] ./broadwellnk-4.4.180/dvb-usb-dib0700.ko depends dib9000 does not exist
[W] ./broadwellnk-4.4.180/dvb-usb-dib0700.ko depends dibx000_common does not exist
[W] ./broadwellnk-4.4.180/dvb-usb-dib0700.ko depends dib0090 does not exist
[W] ./broadwellnk-4.4.180/dvb-usb-dib0700.ko depends dib0070 does not exist
[W] ./broadwellnk-4.4.180/dvb-usb-dib0700.ko depends dib3000mc does not exist
[W] ./broadwellnk-4.4.180/dvb-usb-dib0700.ko depends usbcore does not exist
[W] ./broadwellnk-4.4.180/dvb-usb-dvbsky.ko depends usbcore does not exist
[W] ./broadwellnk-4.4.180/dvb-usb.ko depends usbcore does not exist
[W] ./broadwellnk-4.4.180/dvb_usb_v2.ko depends usbcore does not exist
[W] ./broadwellnk-4.4.180/ehci-hcd.ko depends usbcore does not exist
[W] ./broadwellnk-4.4.180/ehci-pci.ko depends usbcore does not exist
[W] ./broadwellnk-4.4.180/etxhci-hcd.ko depends usbcore does not exist
[W] ./broadwellnk-4.4.180/hid-generic.ko depends hid does not exist
[W] ./broadwellnk-4.4.180/i40e.ko depends vxlan does not exist
[W] ./broadwellnk-4.4.180/ice.ko depends vxlan does not exist
[W] ./broadwellnk-4.4.180/igb.ko depends dca does not exist
[W] ./broadwellnk-4.4.180/ixgbe.ko depends dca does not exist
[W] ./broadwellnk-4.4.180/ixgbe.ko depends vxlan does not exist
[W] ./broadwellnk-4.4.180/m88ds3103.ko depends regmap-i2c does not exist
[W] ./broadwellnk-4.4.180/mlx4_ib.ko depends ib_core does not exist
[W] ./broadwellnk-4.4.180/mlx5_ib.ko depends ib_core does not exist
[W] ./broadwellnk-4.4.180/r8152.ko depends usbcore does not exist
[W] ./broadwellnk-4.4.180/r8153_ecm.ko depends cdc_ether does not exist
[W] ./broadwellnk-4.4.180/r8153_ecm.ko depends usbcore does not exist
[W] ./broadwellnk-4.4.180/ts2020.ko depends regmap-i2c does not exist
[W] ./broadwellnk-4.4.180/uhci-hcd.ko depends usbcore does not exist
[W] ./broadwellnk-4.4.180/usbnet.ko depends usbcore does not exist
[W] ./broadwellnk-4.4.180/ushc.ko depends usbcore does not exist
[W] ./broadwellnk-4.4.180/vub300.ko depends usbcore does not exist
[W] ./broadwellnk-4.4.180/xhci-hcd.ko depends usbcore does not exist
[W] ./broadwellnk-4.4.180/xhci-pci.ko depends usbcore does not exist
broadwellnk-4.4.302 directory
[W] ./broadwellnk-4.4.302/acpi-cpufreq.ko depends processor does not exist
[W] ./broadwellnk-4.4.302/atlantic.ko depends crc-itu-t does not exist
[W] ./broadwellnk-4.4.302/b44.ko depends ssb does not exist
[W] ./broadwellnk-4.4.302/dvb-usb-dib0700.ko depends dib7000m does not exist
[W] ./broadwellnk-4.4.302/dvb-usb-dib0700.ko depends dib9000 does not exist
[W] ./broadwellnk-4.4.302/dvb-usb-dib0700.ko depends dibx000_common does not exist
[W] ./broadwellnk-4.4.302/dvb-usb-dib0700.ko depends dib0090 does not exist
[W] ./broadwellnk-4.4.302/dvb-usb-dib0700.ko depends dib0070 does not exist
[W] ./broadwellnk-4.4.302/dvb-usb-dib0700.ko depends dib3000mc does not exist
[W] ./broadwellnk-4.4.302/igb.ko depends dca does not exist
[W] ./broadwellnk-4.4.302/ixgbe.ko depends dca does not exist
[W] ./broadwellnk-4.4.302/m88ds3103.ko depends regmap-i2c does not exist
[W] ./broadwellnk-4.4.302/mlx4_core.ko depends mlx_compat does not exist
[W] ./broadwellnk-4.4.302/mlx4_en.ko depends mlx_compat does not exist
[W] ./broadwellnk-4.4.302/mlx5_core.ko depends mlx_compat does not exist
[W] ./broadwellnk-4.4.302/r8153_ecm.ko depends cdc_ether does not exist
[W] ./broadwellnk-4.4.302/ts2020.ko depends regmap-i2c does not exist
[W] ./broadwellnk-4.4.302/usbcore.ko depends usb-common does not exist
[W] ./broadwellnk-4.4.302/vxlan.ko depends udp_tunnel does not exist
[W] ./broadwellnk-4.4.302/vxlan.ko depends ip6_udp_tunnel does not exist
bromolow-3.10.108 directory
[W] ./bromolow-3.10.108/acpi-cpufreq.ko depends freq_table does not exist
[W] ./bromolow-3.10.108/acpi-cpufreq.ko depends mperf does not exist
[W] ./bromolow-3.10.108/aqc111.ko depends usbnet does not exist
[W] ./bromolow-3.10.108/aqc111.ko depends usbcore does not exist
[W] ./bromolow-3.10.108/bnx2x.ko depends libcrc32c does not exist
[W] ./bromolow-3.10.108/cdc_ncm.ko depends usbnet does not exist
[W] ./bromolow-3.10.108/cdc_ncm.ko depends usbcore does not exist
[W] ./bromolow-3.10.108/cpufreq_ondemand.ko depends freq_table does not exist
[W] ./bromolow-3.10.108/ehci-hcd.ko depends usbcore does not exist
[W] ./bromolow-3.10.108/ehci-pci.ko depends usbcore does not exist
[W] ./bromolow-3.10.108/etxhci-hcd.ko depends usbcore does not exist
[W] ./bromolow-3.10.108/hid-generic.ko depends hid does not exist
[W] ./bromolow-3.10.108/igb.ko depends dca does not exist
[W] ./bromolow-3.10.108/ixgbe.ko depends dca does not exist
[W] ./bromolow-3.10.108/processor.ko depends thermal_sys does not exist
[W] ./bromolow-3.10.108/r8152.ko depends usbcore does not exist
[W] ./bromolow-3.10.108/tg3.ko depends libphy does not exist
[W] ./bromolow-3.10.108/thermal.ko depends thermal_sys does not exist
[W] ./bromolow-3.10.108/uhci-hcd.ko depends usbcore does not exist
[W] ./bromolow-3.10.108/video.ko depends thermal_sys does not exist
[W] ./bromolow-3.10.108/video.ko depends backlight does not exist
[W] ./bromolow-3.10.108/xhci-hcd.ko depends usbcore does not exist
denverton-4.4.180 directory
[W] ./denverton-4.4.180/aqc111.ko depends usbcore does not exist
[W] ./denverton-4.4.180/ax88179_178a.ko depends usbcore does not exist
[W] ./denverton-4.4.180/b44.ko depends ssb does not exist
[W] ./denverton-4.4.180/be2net.ko depends vxlan does not exist
[W] ./denverton-4.4.180/bnx2x.ko depends vxlan does not exist
[W] ./denverton-4.4.180/bnxt_en.ko depends vxlan does not exist
[W] ./denverton-4.4.180/cdc_ncm.ko depends usbcore does not exist
[W] ./denverton-4.4.180/dvb-usb-dib0700.ko depends dib7000m does not exist
[W] ./denverton-4.4.180/dvb-usb-dib0700.ko depends dib9000 does not exist
[W] ./denverton-4.4.180/dvb-usb-dib0700.ko depends dibx000_common does not exist
[W] ./denverton-4.4.180/dvb-usb-dib0700.ko depends dib0090 does not exist
[W] ./denverton-4.4.180/dvb-usb-dib0700.ko depends dib0070 does not exist
[W] ./denverton-4.4.180/dvb-usb-dib0700.ko depends dib3000mc does not exist
[W] ./denverton-4.4.180/dvb-usb-dib0700.ko depends usbcore does not exist
[W] ./denverton-4.4.180/dvb-usb-dvbsky.ko depends usbcore does not exist
[W] ./denverton-4.4.180/dvb-usb.ko depends usbcore does not exist
[W] ./denverton-4.4.180/dvb_usb_v2.ko depends usbcore does not exist
[W] ./denverton-4.4.180/ehci-hcd.ko depends usbcore does not exist
[W] ./denverton-4.4.180/ehci-pci.ko depends usbcore does not exist
[W] ./denverton-4.4.180/etxhci-hcd.ko depends usbcore does not exist
[W] ./denverton-4.4.180/hid-generic.ko depends hid does not exist
[W] ./denverton-4.4.180/i40e.ko depends vxlan does not exist
[W] ./denverton-4.4.180/ice.ko depends vxlan does not exist
[W] ./denverton-4.4.180/ixgbe.ko depends vxlan does not exist
[W] ./denverton-4.4.180/m88ds3103.ko depends regmap-i2c does not exist
[W] ./denverton-4.4.180/r8152.ko depends usbcore does not exist
[W] ./denverton-4.4.180/r8153_ecm.ko depends cdc_ether does not exist
[W] ./denverton-4.4.180/r8153_ecm.ko depends usbcore does not exist
[W] ./denverton-4.4.180/ts2020.ko depends regmap-i2c does not exist
[W] ./denverton-4.4.180/uhci-hcd.ko depends usbcore does not exist
[W] ./denverton-4.4.180/usbnet.ko depends usbcore does not exist
[W] ./denverton-4.4.180/ushc.ko depends usbcore does not exist
[W] ./denverton-4.4.180/vub300.ko depends usbcore does not exist
[W] ./denverton-4.4.180/xhci-hcd.ko depends usbcore does not exist
[W] ./denverton-4.4.180/xhci-pci.ko depends usbcore does not exist
denverton-4.4.302 directory
[W] ./denverton-4.4.302/acpi-cpufreq.ko depends processor does not exist
[W] ./denverton-4.4.302/atlantic.ko depends crc-itu-t does not exist
[W] ./denverton-4.4.302/b44.ko depends ssb does not exist
[W] ./denverton-4.4.302/dvb-usb-dib0700.ko depends dib7000m does not exist
[W] ./denverton-4.4.302/dvb-usb-dib0700.ko depends dib9000 does not exist
[W] ./denverton-4.4.302/dvb-usb-dib0700.ko depends dibx000_common does not exist
[W] ./denverton-4.4.302/dvb-usb-dib0700.ko depends dib0090 does not exist
[W] ./denverton-4.4.302/dvb-usb-dib0700.ko depends dib0070 does not exist
[W] ./denverton-4.4.302/dvb-usb-dib0700.ko depends dib3000mc does not exist
[W] ./denverton-4.4.302/it87.ko depends hwmon-vid does not exist
[W] ./denverton-4.4.302/m88ds3103.ko depends regmap-i2c does not exist
[W] ./denverton-4.4.302/nct6775.ko depends hwmon-vid does not exist
[W] ./denverton-4.4.302/r8153_ecm.ko depends cdc_ether does not exist
[W] ./denverton-4.4.302/ts2020.ko depends regmap-i2c does not exist
[W] ./denverton-4.4.302/usbcore.ko depends usb-common does not exist
[W] ./denverton-4.4.302/vxlan.ko depends udp_tunnel does not exist
[W] ./denverton-4.4.302/vxlan.ko depends ip6_udp_tunnel does not exist
epyc7002-5.10.55 directory
[W] ./epyc7002-5.10.55/aqc111.ko depends usbcore does not exist
[W] ./epyc7002-5.10.55/atlantic_v2.ko depends crc-itu-t does not exist
[W] ./epyc7002-5.10.55/ax88179_178a.ko depends usbcore does not exist
[W] ./epyc7002-5.10.55/cdc_ncm.ko depends cdc_ether does not exist
[W] ./epyc7002-5.10.55/cdc_ncm.ko depends usbcore does not exist
[W] ./epyc7002-5.10.55/ehci-hcd.ko depends usbcore does not exist
[W] ./epyc7002-5.10.55/ehci-pci.ko depends usbcore does not exist
[W] ./epyc7002-5.10.55/fb.ko depends fbdev does not exist
[W] ./epyc7002-5.10.55/mdio_devres.ko depends of_mdio does not exist
[W] ./epyc7002-5.10.55/mlx4_ib.ko depends ib_core does not exist
[W] ./epyc7002-5.10.55/mlx5_ib.ko depends ib_core does not exist
[W] ./epyc7002-5.10.55/r8152.ko depends usbcore does not exist
[W] ./epyc7002-5.10.55/r8153_ecm.ko depends cdc_ether does not exist
[W] ./epyc7002-5.10.55/r8153_ecm.ko depends usbcore does not exist
[W] ./epyc7002-5.10.55/usbnet.ko depends usbcore does not exist
geminilake-4.4.180 directory
[W] ./geminilake-4.4.180/aqc111.ko depends usbcore does not exist
[W] ./geminilake-4.4.180/ax88179_178a.ko depends usbcore does not exist
[W] ./geminilake-4.4.180/b44.ko depends ssb does not exist
[W] ./geminilake-4.4.180/bnxt_en.ko depends vxlan does not exist
[W] ./geminilake-4.4.180/cdc_ncm.ko depends usbcore does not exist
[W] ./geminilake-4.4.180/dvb-usb-dib0700.ko depends dib7000m does not exist
[W] ./geminilake-4.4.180/dvb-usb-dib0700.ko depends dib9000 does not exist
[W] ./geminilake-4.4.180/dvb-usb-dib0700.ko depends dibx000_common does not exist
[W] ./geminilake-4.4.180/dvb-usb-dib0700.ko depends dib0090 does not exist
[W] ./geminilake-4.4.180/dvb-usb-dib0700.ko depends dib0070 does not exist
[W] ./geminilake-4.4.180/dvb-usb-dib0700.ko depends dib3000mc does not exist
[W] ./geminilake-4.4.180/dvb-usb-dib0700.ko depends usbcore does not exist
[W] ./geminilake-4.4.180/dvb-usb-dvbsky.ko depends usbcore does not exist
[W] ./geminilake-4.4.180/dvb-usb.ko depends usbcore does not exist
[W] ./geminilake-4.4.180/dvb_usb_v2.ko depends usbcore does not exist
[W] ./geminilake-4.4.180/ehci-hcd.ko depends usbcore does not exist
[W] ./geminilake-4.4.180/ehci-pci.ko depends usbcore does not exist
[W] ./geminilake-4.4.180/etxhci-hcd.ko depends usbcore does not exist
[W] ./geminilake-4.4.180/hid-generic.ko depends hid does not exist
[W] ./geminilake-4.4.180/i40e.ko depends vxlan does not exist
[W] ./geminilake-4.4.180/ice.ko depends vxlan does not exist
[W] ./geminilake-4.4.180/ixgbe.ko depends vxlan does not exist
[W] ./geminilake-4.4.180/m88ds3103.ko depends regmap-i2c does not exist
[W] ./geminilake-4.4.180/r8152.ko depends usbcore does not exist
[W] ./geminilake-4.4.180/r8153_ecm.ko depends cdc_ether does not exist
[W] ./geminilake-4.4.180/r8153_ecm.ko depends usbcore does not exist
[W] ./geminilake-4.4.180/ts2020.ko depends regmap-i2c does not exist
[W] ./geminilake-4.4.180/uhci-hcd.ko depends usbcore does not exist
[W] ./geminilake-4.4.180/usbnet.ko depends usbcore does not exist
[W] ./geminilake-4.4.180/ushc.ko depends usbcore does not exist
[W] ./geminilake-4.4.180/vub300.ko depends usbcore does not exist
[W] ./geminilake-4.4.180/xhci-hcd.ko depends usbcore does not exist
[W] ./geminilake-4.4.180/xhci-pci.ko depends usbcore does not exist
geminilake-4.4.302 directory
[W] ./geminilake-4.4.302/atlantic.ko depends crc-itu-t does not exist
[W] ./geminilake-4.4.302/b44.ko depends ssb does not exist
[W] ./geminilake-4.4.302/dvb-usb-dib0700.ko depends dib7000m does not exist
[W] ./geminilake-4.4.302/dvb-usb-dib0700.ko depends dib9000 does not exist
[W] ./geminilake-4.4.302/dvb-usb-dib0700.ko depends dibx000_common does not exist
[W] ./geminilake-4.4.302/dvb-usb-dib0700.ko depends dib0090 does not exist
[W] ./geminilake-4.4.302/dvb-usb-dib0700.ko depends dib0070 does not exist
[W] ./geminilake-4.4.302/dvb-usb-dib0700.ko depends dib3000mc does not exist
[W] ./geminilake-4.4.302/m88ds3103.ko depends regmap-i2c does not exist
[W] ./geminilake-4.4.302/r8153_ecm.ko depends cdc_ether does not exist
[W] ./geminilake-4.4.302/ts2020.ko depends regmap-i2c does not exist
[W] ./geminilake-4.4.302/usbcore.ko depends usb-common does not exist
[W] ./geminilake-4.4.302/vxlan.ko depends udp_tunnel does not exist
[W] ./geminilake-4.4.302/vxlan.ko depends ip6_udp_tunnel does not exist
r1000-4.4.180 directory
[W] ./r1000-4.4.180/aqc111.ko depends usbcore does not exist
[W] ./r1000-4.4.180/ax88179_178a.ko depends usbcore does not exist
[W] ./r1000-4.4.180/bnxt_en.ko depends vxlan does not exist
[W] ./r1000-4.4.180/cdc_ncm.ko depends usbcore does not exist
[W] ./r1000-4.4.180/dvb-usb-dib0700.ko depends dib7000m does not exist
[W] ./r1000-4.4.180/dvb-usb-dib0700.ko depends dib9000 does not exist
[W] ./r1000-4.4.180/dvb-usb-dib0700.ko depends dibx000_common does not exist
[W] ./r1000-4.4.180/dvb-usb-dib0700.ko depends dib0090 does not exist
[W] ./r1000-4.4.180/dvb-usb-dib0700.ko depends dib0070 does not exist
[W] ./r1000-4.4.180/dvb-usb-dib0700.ko depends dib3000mc does not exist
[W] ./r1000-4.4.180/dvb-usb-dib0700.ko depends usbcore does not exist
[W] ./r1000-4.4.180/dvb-usb-dvbsky.ko depends usbcore does not exist
[W] ./r1000-4.4.180/dvb-usb.ko depends usbcore does not exist
[W] ./r1000-4.4.180/dvb_usb_v2.ko depends usbcore does not exist
[W] ./r1000-4.4.180/ehci-hcd.ko depends usbcore does not exist
[W] ./r1000-4.4.180/ehci-pci.ko depends usbcore does not exist
[W] ./r1000-4.4.180/etxhci-hcd.ko depends usbcore does not exist
[W] ./r1000-4.4.180/hid-generic.ko depends hid does not exist
[W] ./r1000-4.4.180/i40e.ko depends vxlan does not exist
[W] ./r1000-4.4.180/ice.ko depends vxlan does not exist
[W] ./r1000-4.4.180/ixgbe.ko depends vxlan does not exist
[W] ./r1000-4.4.180/m88ds3103.ko depends regmap-i2c does not exist
[W] ./r1000-4.4.180/r8152.ko depends usbcore does not exist
[W] ./r1000-4.4.180/r8153_ecm.ko depends cdc_ether does not exist
[W] ./r1000-4.4.180/r8153_ecm.ko depends usbcore does not exist
[W] ./r1000-4.4.180/ts2020.ko depends regmap-i2c does not exist
[W] ./r1000-4.4.180/uhci-hcd.ko depends usbcore does not exist
[W] ./r1000-4.4.180/usbnet.ko depends usbcore does not exist
[W] ./r1000-4.4.180/ushc.ko depends usbcore does not exist
[W] ./r1000-4.4.180/vub300.ko depends usbcore does not exist
[W] ./r1000-4.4.180/xhci-hcd.ko depends usbcore does not exist
[W] ./r1000-4.4.180/xhci-pci.ko depends usbcore does not exist
r1000-4.4.302 directory
[W] ./r1000-4.4.302/acpi-cpufreq.ko depends processor does not exist
[W] ./r1000-4.4.302/atlantic.ko depends crc-itu-t does not exist
[W] ./r1000-4.4.302/dvb-usb-dib0700.ko depends dib7000m does not exist
[W] ./r1000-4.4.302/dvb-usb-dib0700.ko depends dib9000 does not exist
[W] ./r1000-4.4.302/dvb-usb-dib0700.ko depends dibx000_common does not exist
[W] ./r1000-4.4.302/dvb-usb-dib0700.ko depends dib0090 does not exist
[W] ./r1000-4.4.302/dvb-usb-dib0700.ko depends dib0070 does not exist
[W] ./r1000-4.4.302/dvb-usb-dib0700.ko depends dib3000mc does not exist
[W] ./r1000-4.4.302/m88ds3103.ko depends regmap-i2c does not exist
[W] ./r1000-4.4.302/r8153_ecm.ko depends cdc_ether does not exist
[W] ./r1000-4.4.302/ts2020.ko depends regmap-i2c does not exist
[W] ./r1000-4.4.302/usbcore.ko depends usb-common does not exist
[W] ./r1000-4.4.302/vxlan.ko depends udp_tunnel does not exist
[W] ./r1000-4.4.302/vxlan.ko depends ip6_udp_tunnel does not exist
v1000-4.4.180 directory
[W] ./v1000-4.4.180/aqc111.ko depends usbcore does not exist
[W] ./v1000-4.4.180/ax88179_178a.ko depends usbcore does not exist
[W] ./v1000-4.4.180/bnx2x.ko depends vxlan does not exist
[W] ./v1000-4.4.180/bnxt_en.ko depends vxlan does not exist
[W] ./v1000-4.4.180/cdc_ncm.ko depends usbcore does not exist
[W] ./v1000-4.4.180/dvb-usb-dib0700.ko depends dib7000m does not exist
[W] ./v1000-4.4.180/dvb-usb-dib0700.ko depends dib9000 does not exist
[W] ./v1000-4.4.180/dvb-usb-dib0700.ko depends dibx000_common does not exist
[W] ./v1000-4.4.180/dvb-usb-dib0700.ko depends dib0090 does not exist
[W] ./v1000-4.4.180/dvb-usb-dib0700.ko depends dib0070 does not exist
[W] ./v1000-4.4.180/dvb-usb-dib0700.ko depends dib3000mc does not exist
[W] ./v1000-4.4.180/dvb-usb-dib0700.ko depends usbcore does not exist
[W] ./v1000-4.4.180/dvb-usb-dvbsky.ko depends usbcore does not exist
[W] ./v1000-4.4.180/dvb-usb.ko depends usbcore does not exist
[W] ./v1000-4.4.180/dvb_usb_v2.ko depends usbcore does not exist
[W] ./v1000-4.4.180/ehci-hcd.ko depends usbcore does not exist
[W] ./v1000-4.4.180/ehci-pci.ko depends usbcore does not exist
[W] ./v1000-4.4.180/etxhci-hcd.ko depends usbcore does not exist
[W] ./v1000-4.4.180/hid-generic.ko depends hid does not exist
[W] ./v1000-4.4.180/i40e.ko depends vxlan does not exist
[W] ./v1000-4.4.180/ice.ko depends vxlan does not exist
[W] ./v1000-4.4.180/it87.ko depends hwmon-vid does not exist
[W] ./v1000-4.4.180/ixgbe.ko depends vxlan does not exist
[W] ./v1000-4.4.180/m88ds3103.ko depends regmap-i2c does not exist
[W] ./v1000-4.4.180/nct6775.ko depends hwmon-vid does not exist
[W] ./v1000-4.4.180/r8152.ko depends usbcore does not exist
[W] ./v1000-4.4.180/r8153_ecm.ko depends cdc_ether does not exist
[W] ./v1000-4.4.180/r8153_ecm.ko depends usbcore does not exist
[W] ./v1000-4.4.180/ts2020.ko depends regmap-i2c does not exist
[W] ./v1000-4.4.180/uhci-hcd.ko depends usbcore does not exist
[W] ./v1000-4.4.180/usbnet.ko depends usbcore does not exist
[W] ./v1000-4.4.180/ushc.ko depends usbcore does not exist
[W] ./v1000-4.4.180/vub300.ko depends usbcore does not exist
[W] ./v1000-4.4.180/xhci-hcd.ko depends usbcore does not exist
[W] ./v1000-4.4.180/xhci-pci.ko depends usbcore does not exist
v1000-4.4.302 directory
[W] ./v1000-4.4.302/acpi-cpufreq.ko depends processor does not exist
[W] ./v1000-4.4.302/atlantic.ko depends crc-itu-t does not exist
[W] ./v1000-4.4.302/dvb-usb-dib0700.ko depends dib7000m does not exist
[W] ./v1000-4.4.302/dvb-usb-dib0700.ko depends dib9000 does not exist
[W] ./v1000-4.4.302/dvb-usb-dib0700.ko depends dibx000_common does not exist
[W] ./v1000-4.4.302/dvb-usb-dib0700.ko depends dib0090 does not exist
[W] ./v1000-4.4.302/dvb-usb-dib0700.ko depends dib0070 does not exist
[W] ./v1000-4.4.302/dvb-usb-dib0700.ko depends dib3000mc does not exist
[W] ./v1000-4.4.302/it87.ko depends hwmon-vid does not exist
[W] ./v1000-4.4.302/m88ds3103.ko depends regmap-i2c does not exist
[W] ./v1000-4.4.302/nct6775.ko depends hwmon-vid does not exist
[W] ./v1000-4.4.302/r8153_ecm.ko depends cdc_ether does not exist
[W] ./v1000-4.4.302/ts2020.ko depends regmap-i2c does not exist
[W] ./v1000-4.4.302/usbcore.ko depends usb-common does not exist
[W] ./v1000-4.4.302/vxlan.ko depends udp_tunnel does not exist
[W] ./v1000-4.4.302/vxlan.ko depends ip6_udp_tunnel does not exist
